01/26/2017 03:59:45 PM - LoginPage - INFO : Element found with locator : Login with locator type : link
01/26/2017 03:59:47 PM - LoginPage - INFO : Clicked on element with locator : Login with locator type : link
01/26/2017 03:59:50 PM - LoginPage - INFO : Element found with locator : user_password with locator type : id
01/26/2017 03:59:52 PM - LoginPage - INFO : Sent data on element with locator : user_password with locator type : id
01/26/2017 03:59:52 PM - LoginPage - INFO : Element found with locator : commit with locator type : name
01/26/2017 03:59:52 PM - LoginPage - INFO : Clicked on element with locator : commit with locator type : name
01/26/2017 03:59:54 PM - LoginPage - INFO : Element found with locator : .//div[contains(text(),'Invalid email or password')] with locator type : xpath
01/26/2017 03:59:54 PM - LoginPage - INFO : Element found with locator : Login with locator type : link
01/26/2017 03:59:56 PM - LoginPage - INFO : Clicked on element with locator : Login with locator type : link
01/26/2017 03:59:56 PM - LoginPage - INFO : Element found with locator : user_email with locator type : id
01/26/2017 03:59:58 PM - LoginPage - INFO : Sent data on element with locator : user_email with locator type : id
01/26/2017 03:59:59 PM - LoginPage - INFO : Element found with locator : user_password with locator type : id
01/26/2017 04:00:01 PM - LoginPage - INFO : Sent data on element with locator : user_password with locator type : id
01/26/2017 04:00:01 PM - LoginPage - INFO : Element found with locator : commit with locator type : name
01/26/2017 04:00:01 PM - LoginPage - INFO : Clicked on element with locator : commit with locator type : name
01/26/2017 04:00:03 PM - LoginPage - INFO : Element found with locator : .//*[@id='navbar']//span[text()='User Settings'] with locator type : xpath
01/26/2017 06:18:07 PM - LoginPage - INFO : Element not found with locator : Login with locator type : link
01/26/2017 06:18:07 PM - LoginPage - INFO : Cannot click on the element with locator : Login with locator type : link
01/26/2017 06:18:22 PM - LoginPage - INFO : Element not found with locator : user_password with locator type : id
01/26/2017 06:18:22 PM - LoginPage - INFO : Cannot send data on the element with locator : user_password with locator type : id
01/26/2017 06:18:37 PM - LoginPage - INFO : Element not found with locator : commit with locator type : name
01/26/2017 06:18:37 PM - LoginPage - INFO : Cannot click on the element with locator : commit with locator type : name
01/26/2017 06:18:52 PM - LoginPage - INFO : Element not found with locator : .//div[contains(text(),'Invalid email or password')] with locator type : xpath
01/26/2017 06:19:07 PM - LoginPage - INFO : Element not found with locator : Login with locator type : link
01/26/2017 06:19:07 PM - LoginPage - INFO : Cannot click on the element with locator : Login with locator type : link
01/26/2017 06:19:22 PM - LoginPage - INFO : Element not found with locator : user_email with locator type : id
01/26/2017 06:19:22 PM - LoginPage - INFO : Cannot send data on the element with locator : user_email with locator type : id
01/26/2017 06:19:45 PM - LoginPage - INFO : Element not found with locator : user_password with locator type : id
01/26/2017 06:19:45 PM - LoginPage - INFO : Cannot send data on the element with locator : user_password with locator type : id
01/26/2017 06:20:00 PM - LoginPage - INFO : Element not found with locator : commit with locator type : name
01/26/2017 06:20:00 PM - LoginPage - INFO : Cannot click on the element with locator : commit with locator type : name
01/26/2017 06:20:15 PM - LoginPage - INFO : Element not found with locator : .//*[@id='navbar']//span[text()='User Settings'] with locator type : xpath
01/27/2017 03:48:15 PM - LoginPage - INFO : Element found with locator : Login with locator type : link
01/27/2017 03:48:15 PM - LoginPage - INFO : Clicked on element with locator : Login with locator type : link
01/27/2017 03:48:18 PM - LoginPage - INFO : Element found with locator : user_password with locator type : id
01/27/2017 03:48:18 PM - LoginPage - INFO : Sent data on element with locator : user_password with locator type : id
01/27/2017 03:48:18 PM - LoginPage - INFO : Element found with locator : commit with locator type : name
01/27/2017 03:48:19 PM - LoginPage - INFO : Clicked on element with locator : commit with locator type : name
01/27/2017 03:48:21 PM - LoginPage - INFO : Element found with locator : .//div[contains(text(),'Invalid email or password')] with locator type : xpath
01/27/2017 03:48:21 PM - LoginPage - INFO : Element found with locator : Login with locator type : link
01/27/2017 03:48:21 PM - LoginPage - INFO : Clicked on element with locator : Login with locator type : link
01/27/2017 03:48:21 PM - LoginPage - INFO : Element found with locator : user_email with locator type : id
01/27/2017 03:48:22 PM - LoginPage - INFO : Sent data on element with locator : user_email with locator type : id
01/27/2017 03:48:22 PM - LoginPage - INFO : Element found with locator : user_password with locator type : id
01/27/2017 03:48:22 PM - LoginPage - INFO : Sent data on element with locator : user_password with locator type : id
01/27/2017 03:48:22 PM - LoginPage - INFO : Element found with locator : commit with locator type : name
01/27/2017 03:48:23 PM - LoginPage - INFO : Clicked on element with locator : commit with locator type : name
01/27/2017 03:50:12 PM - LoginPage - INFO : Element found with locator : Login with locator type : link
01/27/2017 03:50:13 PM - LoginPage - INFO : Clicked on element with locator : Login with locator type : link
01/27/2017 03:50:14 PM - LoginPage - INFO : Element found with locator : user_password with locator type : id
01/27/2017 03:50:14 PM - LoginPage - INFO : Sent data on element with locator : user_password with locator type : id
01/27/2017 03:50:14 PM - LoginPage - INFO : Element found with locator : commit with locator type : name
01/27/2017 03:50:15 PM - LoginPage - INFO : Clicked on element with locator : commit with locator type : name
01/27/2017 03:50:16 PM - LoginPage - INFO : Element found with locator : .//div[contains(text(),'Invalid email or password')] with locator type : xpath
01/27/2017 03:50:16 PM - LoginPage - INFO : Element found with locator : Login with locator type : link
01/27/2017 03:50:16 PM - LoginPage - INFO : Clicked on element with locator : Login with locator type : link
01/27/2017 03:50:16 PM - LoginPage - INFO : Element found with locator : user_email with locator type : id
01/27/2017 03:50:16 PM - LoginPage - INFO : Sent data on element with locator : user_email with locator type : id
01/27/2017 03:50:16 PM - LoginPage - INFO : Element found with locator : user_password with locator type : id
01/27/2017 03:50:16 PM - LoginPage - INFO : Sent data on element with locator : user_password with locator type : id
01/27/2017 03:50:16 PM - LoginPage - INFO : Element found with locator : commit with locator type : name
01/27/2017 03:50:17 PM - LoginPage - INFO : Clicked on element with locator : commit with locator type : name
01/27/2017 03:50:19 PM - LoginPage - INFO : Element found with locator : .//*[@id='navbar']//span[text()='User Settings'] with locator type : xpath
01/27/2017 04:35:30 PM - LoginPage - INFO : Element found with locator : Login with locator type : link
01/27/2017 04:35:31 PM - LoginPage - INFO : Clicked on element with locator : Login with locator type : link
01/27/2017 04:35:35 PM - LoginPage - INFO : Element found with locator : user_password with locator type : id
01/27/2017 04:35:36 PM - LoginPage - INFO : Sent data on element with locator : user_password with locator type : id
01/27/2017 04:35:36 PM - LoginPage - INFO : Element found with locator : commit with locator type : name
01/27/2017 04:35:36 PM - LoginPage - INFO : Clicked on element with locator : commit with locator type : name
01/27/2017 04:35:39 PM - LoginPage - INFO : Element found with locator : .//div[contains(text(),'Invalid email or password')] with locator type : xpath
01/27/2017 04:35:39 PM - LoginPage - INFO : Element found with locator : Login with locator type : link
01/27/2017 04:35:39 PM - LoginPage - INFO : Clicked on element with locator : Login with locator type : link
01/27/2017 04:35:39 PM - LoginPage - INFO : Element found with locator : user_email with locator type : id
01/27/2017 04:35:40 PM - LoginPage - INFO : Sent data on element with locator : user_email with locator type : id
01/27/2017 04:35:40 PM - LoginPage - INFO : Element found with locator : user_password with locator type : id
01/27/2017 04:35:40 PM - LoginPage - INFO : Sent data on element with locator : user_password with locator type : id
01/27/2017 04:35:40 PM - LoginPage - INFO : Element found with locator : commit with locator type : name
01/27/2017 04:35:40 PM - LoginPage - INFO : Clicked on element with locator : commit with locator type : name
01/27/2017 04:35:40 PM - TestStatus - INFO : ### VERIFICATION SUCCESSFUL :: Title is Incorrect
01/27/2017 04:35:42 PM - LoginPage - INFO : Element found with locator : .//*[@id='navbar']//span[text()='User Settings'] with locator type : xpath
01/27/2017 04:35:42 PM - TestStatus - INFO : ### VERIFICATION SUCCESSFUL :: Login unsuccessful
01/27/2017 04:35:42 PM - TestStatus - INFO : test_validLogin : ### TEST SUCCESSFUL
01/27/2017 04:39:35 PM - LoginPage - INFO : Element found with locator : Login with locator type : link
01/27/2017 04:39:35 PM - LoginPage - INFO : Clicked on element with locator : Login with locator type : link
01/27/2017 04:39:38 PM - LoginPage - INFO : Element found with locator : user_password with locator type : id
01/27/2017 04:39:41 PM - LoginPage - INFO : Sent data on element with locator : user_password with locator type : id
01/27/2017 04:39:41 PM - LoginPage - INFO : Element found with locator : commit with locator type : name
01/27/2017 04:39:41 PM - LoginPage - INFO : Clicked on element with locator : commit with locator type : name
01/27/2017 04:39:43 PM - LoginPage - INFO : Element found with locator : .//div[contains(text(),'Invalid email or password')] with locator type : xpath
01/27/2017 04:39:43 PM - LoginPage - INFO : Element found with locator : Login with locator type : link
01/27/2017 04:39:43 PM - LoginPage - INFO : Clicked on element with locator : Login with locator type : link
01/27/2017 04:39:43 PM - LoginPage - INFO : Element found with locator : user_email with locator type : id
01/27/2017 04:39:43 PM - LoginPage - INFO : Sent data on element with locator : user_email with locator type : id
01/27/2017 04:39:43 PM - LoginPage - INFO : Element found with locator : user_password with locator type : id
01/27/2017 04:39:43 PM - LoginPage - INFO : Sent data on element with locator : user_password with locator type : id
01/27/2017 04:39:43 PM - LoginPage - INFO : Element found with locator : commit with locator type : name
01/27/2017 04:39:45 PM - LoginPage - INFO : Clicked on element with locator : commit with locator type : name
01/27/2017 04:39:45 PM - TestStatus - INFO : ### VERIFICATION SUCCESSFUL :: Title is Incorrect
01/27/2017 04:39:47 PM - LoginPage - INFO : Element found with locator : .//*[@id='navbar']//span[text()='User Settings'] with locator type : xpath
01/27/2017 04:39:47 PM - TestStatus - INFO : ### VERIFICATION SUCCESSFUL :: Login unsuccessful
01/27/2017 04:39:47 PM - TestStatus - INFO : test_validLogin : ### TEST SUCCESSFUL
01/27/2017 04:41:30 PM - LoginPage - INFO : Element found with locator : Login with locator type : link
01/27/2017 04:41:30 PM - LoginPage - INFO : Clicked on element with locator : Login with locator type : link
01/27/2017 04:41:32 PM - LoginPage - INFO : Element found with locator : user_password with locator type : id
01/27/2017 04:41:32 PM - LoginPage - INFO : Sent data on element with locator : user_password with locator type : id
01/27/2017 04:41:32 PM - LoginPage - INFO : Element found with locator : commit with locator type : name
01/27/2017 04:41:32 PM - LoginPage - INFO : Clicked on element with locator : commit with locator type : name
01/27/2017 04:41:33 PM - LoginPage - INFO : Element found with locator : .//div[contains(text(),'Invalid email or password')] with locator type : xpath
01/27/2017 04:41:33 PM - LoginPage - INFO : Element found with locator : Login with locator type : link
01/27/2017 04:41:33 PM - LoginPage - INFO : Clicked on element with locator : Login with locator type : link
01/27/2017 04:41:34 PM - LoginPage - INFO : Element found with locator : user_email with locator type : id
01/27/2017 04:41:34 PM - LoginPage - INFO : Sent data on element with locator : user_email with locator type : id
01/27/2017 04:41:34 PM - LoginPage - INFO : Element found with locator : user_password with locator type : id
01/27/2017 04:41:34 PM - LoginPage - INFO : Sent data on element with locator : user_password with locator type : id
01/27/2017 04:41:34 PM - LoginPage - INFO : Element found with locator : commit with locator type : name
01/27/2017 04:41:34 PM - LoginPage - INFO : Clicked on element with locator : commit with locator type : name
01/27/2017 04:41:34 PM - TestStatus - ERROR : ### VERIFICATION FAILED :: Title is Incorrect
01/27/2017 04:41:37 PM - LoginPage - INFO : Element found with locator : .//*[@id='navbar']//span[text()='User Settings'] with locator type : xpath
01/27/2017 04:41:37 PM - TestStatus - INFO : ### VERIFICATION SUCCESSFUL :: Login unsuccessful
01/27/2017 04:41:37 PM - TestStatus - ERROR : test_validLogin : ### TEST FAILED
01/27/2017 04:52:29 PM - LoginPage - INFO : Element found with locator : Login with locator type : link
01/27/2017 04:52:29 PM - LoginPage - INFO : Clicked on element with locator : Login with locator type : link
01/27/2017 04:52:30 PM - LoginPage - INFO : Element found with locator : user_password with locator type : id
01/27/2017 04:52:31 PM - LoginPage - INFO : Sent data on element with locator : user_password with locator type : id
01/27/2017 04:52:31 PM - LoginPage - INFO : Element found with locator : commit with locator type : name
01/27/2017 04:52:31 PM - LoginPage - INFO : Clicked on element with locator : commit with locator type : name
01/27/2017 04:52:32 PM - LoginPage - INFO : Element found with locator : .//div[contains(text(),'Invalid email or password')] with locator type : xpath
01/27/2017 04:52:32 PM - LoginPage - INFO : Element found with locator : Login with locator type : link
01/27/2017 04:52:32 PM - LoginPage - INFO : Clicked on element with locator : Login with locator type : link
01/27/2017 04:52:32 PM - LoginPage - INFO : Element found with locator : user_email with locator type : id
01/27/2017 04:52:32 PM - LoginPage - INFO : Sent data on element with locator : user_email with locator type : id
01/27/2017 04:52:32 PM - LoginPage - INFO : Element found with locator : user_password with locator type : id
01/27/2017 04:52:32 PM - LoginPage - INFO : Sent data on element with locator : user_password with locator type : id
01/27/2017 04:52:32 PM - LoginPage - INFO : Element found with locator : commit with locator type : name
01/27/2017 04:52:32 PM - LoginPage - INFO : Clicked on element with locator : commit with locator type : name
01/27/2017 04:52:32 PM - TestStatus - ERROR : ### VERIFICATION FAILED :: Title is Incorrect
01/27/2017 04:52:37 PM - LoginPage - INFO : Element found with locator : .//*[@id='navbar']//span[text()='User Settings'] with locator type : xpath
01/27/2017 04:52:37 PM - TestStatus - INFO : ### VERIFICATION SUCCESSFUL :: Login Successful
01/27/2017 04:52:37 PM - TestStatus - ERROR : test_validLogin : ### TEST FAILED
01/27/2017 04:53:28 PM - LoginPage - INFO : Element found with locator : Login with locator type : link
01/27/2017 04:53:28 PM - LoginPage - INFO : Clicked on element with locator : Login with locator type : link
01/27/2017 04:53:29 PM - LoginPage - INFO : Element found with locator : user_password with locator type : id
01/27/2017 04:53:29 PM - LoginPage - INFO : Sent data on element with locator : user_password with locator type : id
01/27/2017 04:53:29 PM - LoginPage - INFO : Element found with locator : commit with locator type : name
01/27/2017 04:53:29 PM - LoginPage - INFO : Clicked on element with locator : commit with locator type : name
01/27/2017 04:53:31 PM - LoginPage - INFO : Element found with locator : .//div[contains(text(),'Invalid email or password')] with locator type : xpath
01/27/2017 04:53:31 PM - LoginPage - INFO : Element found with locator : Login with locator type : link
01/27/2017 04:53:31 PM - LoginPage - INFO : Clicked on element with locator : Login with locator type : link
01/27/2017 04:53:31 PM - LoginPage - INFO : Element found with locator : user_email with locator type : id
01/27/2017 04:53:31 PM - LoginPage - INFO : Sent data on element with locator : user_email with locator type : id
01/27/2017 04:53:31 PM - LoginPage - INFO : Element found with locator : user_password with locator type : id
01/27/2017 04:53:31 PM - LoginPage - INFO : Sent data on element with locator : user_password with locator type : id
01/27/2017 04:53:31 PM - LoginPage - INFO : Element found with locator : commit with locator type : name
01/27/2017 04:53:32 PM - LoginPage - INFO : Clicked on element with locator : commit with locator type : name
01/27/2017 04:53:32 PM - TestStatus - INFO : ### VERIFICATION SUCCESSFUL :: Title is Correct
01/27/2017 04:53:34 PM - LoginPage - INFO : Element found with locator : .//*[@id='navbar']//span[text()='User Settings'] with locator type : xpath
01/27/2017 04:53:34 PM - TestStatus - INFO : ### VERIFICATION SUCCESSFUL :: Login Successful
01/27/2017 04:53:34 PM - TestStatus - INFO : test_validLogin : ### TEST SUCCESSFUL
01/27/2017 05:24:36 PM - LoginPage - INFO : Element found with locator : Login with locator type : link
01/27/2017 05:24:37 PM - LoginPage - INFO : Clicked on element with locator : Login with locator type : link
01/27/2017 05:24:39 PM - LoginPage - INFO : Element found with locator : user_password with locator type : id
01/27/2017 05:24:39 PM - LoginPage - INFO : Sent data on element with locator : user_password with locator type : id
01/27/2017 05:24:39 PM - LoginPage - INFO : Element found with locator : commit with locator type : name
01/27/2017 05:24:39 PM - LoginPage - INFO : Clicked on element with locator : commit with locator type : name
01/27/2017 05:24:40 PM - LoginPage - INFO : Element found with locator : .//div[contains(text(),'Invalid email or password')] with locator type : xpath
01/27/2017 05:24:40 PM - LoginPage - INFO : Element found with locator : Login with locator type : link
01/27/2017 05:24:40 PM - LoginPage - INFO : Clicked on element with locator : Login with locator type : link
01/27/2017 05:24:40 PM - LoginPage - INFO : Element found with locator : user_email with locator type : id
01/27/2017 05:24:41 PM - LoginPage - INFO : Sent data on element with locator : user_email with locator type : id
01/27/2017 05:24:41 PM - LoginPage - INFO : Element found with locator : user_password with locator type : id
01/27/2017 05:24:43 PM - LoginPage - INFO : Sent data on element with locator : user_password with locator type : id
01/27/2017 05:24:43 PM - LoginPage - INFO : Element found with locator : commit with locator type : name
01/27/2017 05:24:43 PM - LoginPage - INFO : Clicked on element with locator : commit with locator type : name
01/27/2017 05:24:43 PM - TestStatus - ERROR : ### VERIFICATION FAILED :: Title is Incorrect
01/27/2017 05:24:45 PM - TestStatus - INFO : Screenshot saved to directory : /Users/megharastogi/PycharmProjects/letskodeit/base/../screenshots/Title is Incorrect.1485566683000.png
01/27/2017 05:24:46 PM - LoginPage - INFO : Element found with locator : .//*[@id='navbar']//span[text()='User Settings'] with locator type : xpath
01/27/2017 05:24:46 PM - TestStatus - INFO : ### VERIFICATION SUCCESSFUL :: Login Successful
01/27/2017 05:24:46 PM - TestStatus - ERROR : test_validLogin : ### TEST FAILED
01/27/2017 05:27:49 PM - LoginPage - INFO : Element found with locator : Login with locator type : link
01/27/2017 05:27:49 PM - LoginPage - INFO : Clicked on element with locator : Login with locator type : link
01/27/2017 05:27:51 PM - LoginPage - INFO : Element found with locator : user_password with locator type : id
01/27/2017 05:27:52 PM - LoginPage - INFO : Sent data on element with locator : user_password with locator type : id
01/27/2017 05:27:52 PM - LoginPage - INFO : Element found with locator : commit with locator type : name
01/27/2017 05:27:52 PM - LoginPage - INFO : Clicked on element with locator : commit with locator type : name
01/27/2017 05:27:53 PM - LoginPage - INFO : Element found with locator : .//div[contains(text(),'Invalid email or password')] with locator type : xpath
01/27/2017 05:27:53 PM - LoginPage - INFO : Element found with locator : Login with locator type : link
01/27/2017 05:27:53 PM - LoginPage - INFO : Clicked on element with locator : Login with locator type : link
01/27/2017 05:27:53 PM - LoginPage - INFO : Element found with locator : user_email with locator type : id
01/27/2017 05:27:53 PM - LoginPage - INFO : Sent data on element with locator : user_email with locator type : id
01/27/2017 05:27:53 PM - LoginPage - INFO : Element found with locator : user_password with locator type : id
01/27/2017 05:27:56 PM - LoginPage - INFO : Sent data on element with locator : user_password with locator type : id
01/27/2017 05:27:56 PM - LoginPage - INFO : Element found with locator : commit with locator type : name
01/27/2017 05:27:56 PM - LoginPage - INFO : Clicked on element with locator : commit with locator type : name
01/27/2017 05:27:56 PM - TestStatus - ERROR : ### VERIFICATION FAILED :: Title is Incorrect
01/27/2017 05:27:57 PM - TestStatus - INFO : Screenshot saved to directory : /Users/megharastogi/PycharmProjects/letskodeit/base/../screenshots/Title is Incorrect.1485566877000.png
01/27/2017 05:27:59 PM - LoginPage - INFO : Element found with locator : .//*[@id='navbar']//span[text()='User Settings'] with locator type : xpath
01/27/2017 05:27:59 PM - TestStatus - INFO : ### VERIFICATION SUCCESSFUL :: Login Successful
01/27/2017 05:27:59 PM - TestStatus - ERROR : test_validLogin : ### TEST FAILED
01/27/2017 05:45:48 PM - LoginPage - INFO : Element found with locator : Login with locator type : link
01/27/2017 05:45:48 PM - LoginPage - INFO : Clicked on element with locator : Login with locator type : link
01/27/2017 05:45:50 PM - LoginPage - INFO : Element found with locator : user_password with locator type : id
01/27/2017 05:45:51 PM - LoginPage - INFO : Sent data on element with locator : user_password with locator type : id
01/27/2017 05:45:51 PM - LoginPage - INFO : Element found with locator : commit with locator type : name
01/27/2017 05:45:51 PM - LoginPage - INFO : Clicked on element with locator : commit with locator type : name
01/27/2017 05:45:52 PM - LoginPage - INFO : Element found with locator : .//div[contains(text(),'Invalid email or password')] with locator type : xpath
01/27/2017 05:45:52 PM - LoginPage - INFO : Element found with locator : Login with locator type : link
01/27/2017 05:45:53 PM - LoginPage - INFO : Clicked on element with locator : Login with locator type : link
01/27/2017 05:45:53 PM - LoginPage - INFO : Element found with locator : user_email with locator type : id
01/27/2017 05:45:53 PM - LoginPage - INFO : Sent data on element with locator : user_email with locator type : id
01/27/2017 05:45:53 PM - LoginPage - INFO : Element found with locator : user_password with locator type : id
01/27/2017 05:45:53 PM - LoginPage - INFO : Sent data on element with locator : user_password with locator type : id
01/27/2017 05:45:53 PM - LoginPage - INFO : Element found with locator : commit with locator type : name
01/27/2017 05:45:54 PM - LoginPage - INFO : Clicked on element with locator : commit with locator type : name
01/27/2017 05:45:54 PM - TestStatus - ERROR : ### VERIFICATION FAILED :: Title is Incorrect
01/27/2017 05:45:55 PM - TestStatus - INFO : Screenshot saved to directory : /Users/megharastogi/PycharmProjects/letskodeit/base/../screenshots/Title is Incorrect.1485567954000.png
01/27/2017 05:46:10 PM - LoginPage - INFO : Element not found with locator : .//*[@id='navbar']//span[text()='User Settings'] with locator type : xpath
01/27/2017 05:46:10 PM - TestStatus - ERROR : ### VERIFICATION FAILED :: Login Failed
01/27/2017 05:46:11 PM - TestStatus - INFO : Screenshot saved to directory : /Users/megharastogi/PycharmProjects/letskodeit/base/../screenshots/Login Failed.1485567971000.png
01/27/2017 05:46:11 PM - TestStatus - ERROR : test_validLogin : ### TEST FAILED
01/30/2017 01:31:51 PM - LoginPage - INFO : Element found with locator : Login with locator type : link
01/30/2017 01:31:51 PM - LoginPage - INFO : Clicked on element with locator : Login with locator type : link
01/30/2017 01:31:53 PM - LoginPage - INFO : Element found with locator : user_password with locator type : id
01/30/2017 01:31:54 PM - LoginPage - INFO : Sent data on element with locator : user_password with locator type : id
01/30/2017 01:31:54 PM - LoginPage - INFO : Element found with locator : commit with locator type : name
01/30/2017 01:31:55 PM - LoginPage - INFO : Clicked on element with locator : commit with locator type : name
01/30/2017 01:31:56 PM - LoginPage - INFO : Element found with locator : .//div[contains(text(),'Invalid email or password')] with locator type : xpath
01/30/2017 01:31:56 PM - LoginPage - INFO : Element found with locator : Login with locator type : link
01/30/2017 01:31:56 PM - LoginPage - INFO : Clicked on element with locator : Login with locator type : link
01/30/2017 01:31:56 PM - LoginPage - INFO : Element found with locator : user_email with locator type : id
01/30/2017 01:31:57 PM - LoginPage - INFO : Sent data on element with locator : user_email with locator type : id
01/30/2017 01:31:57 PM - LoginPage - INFO : Element found with locator : user_password with locator type : id
01/30/2017 01:31:57 PM - LoginPage - INFO : Sent data on element with locator : user_password with locator type : id
01/30/2017 01:31:57 PM - LoginPage - INFO : Element found with locator : commit with locator type : name
01/30/2017 01:31:57 PM - LoginPage - INFO : Clicked on element with locator : commit with locator type : name
01/30/2017 01:31:57 PM - Util - INFO : Actual Text from Application Web UI --> :: Let's Kode It
01/30/2017 01:31:57 PM - Util - INFO : Expected Text from Application Web UI --> :: Google
01/30/2017 01:31:57 PM - LoginPage - ERROR : Failed to get Page Title
01/30/2017 01:31:57 PM - TestStatus - ERROR : ### VERIFICATION FAILED :: Title is Incorrect
01/30/2017 01:31:58 PM - TestStatus - INFO : Screenshot saved to directory : /Users/megharastogi/PycharmProjects/letskodeit/base/../screenshots/Title is Incorrect.1485811918000.png
01/30/2017 01:31:59 PM - LoginPage - INFO : Element found with locator : .//*[@id='navbar']//span[text()='User Settings'] with locator type : xpath
01/30/2017 01:31:59 PM - TestStatus - INFO : ### VERIFICATION SUCCESSFUL :: Login Successful
01/30/2017 01:31:59 PM - TestStatus - ERROR : test_validLogin : ### TEST FAILED
01/30/2017 03:47:48 PM - LoginPage - INFO : Element found with locator : Login with locator type : link
01/30/2017 03:47:50 PM - LoginPage - INFO : Clicked on element with locator : Login with locator type : link
01/30/2017 03:47:52 PM - LoginPage - INFO : Element found with locator : user_email with locator type : id
01/30/2017 03:47:53 PM - LoginPage - INFO : Sent data on element with locator : user_email with locator type : id
01/30/2017 03:47:53 PM - LoginPage - INFO : Element found with locator : user_password with locator type : id
01/30/2017 03:47:53 PM - LoginPage - INFO : Sent data on element with locator : user_password with locator type : id
01/30/2017 03:47:53 PM - LoginPage - INFO : Element found with locator : commit with locator type : name
01/30/2017 03:47:56 PM - LoginPage - INFO : Clicked on element with locator : commit with locator type : name
01/30/2017 03:47:56 PM - LoginPage - INFO : Element found with locator : Login with locator type : link
01/30/2017 03:47:57 PM - LoginPage - INFO : Clicked on element with locator : Login with locator type : link
01/30/2017 03:47:57 PM - LoginPage - INFO : Element found with locator : user_password with locator type : id
01/30/2017 03:47:59 PM - LoginPage - INFO : Sent data on element with locator : user_password with locator type : id
01/30/2017 03:47:59 PM - LoginPage - INFO : Element found with locator : commit with locator type : name
01/30/2017 03:47:59 PM - LoginPage - INFO : Clicked on element with locator : commit with locator type : name
01/30/2017 03:48:14 PM - LoginPage - INFO : Element not found with locator : .//div[contains(text(),'Invalid email or password')] with locator type : xpath
01/30/2017 03:48:14 PM - LoginPage - INFO : Element not found with locator : .//div[contains(text(),'Invalid email or password')] with locator type : xpath
01/30/2017 03:48:15 PM - LoginPage - INFO : Element found with locator : Login with locator type : link
01/30/2017 03:48:15 PM - LoginPage - INFO : Clicked on element with locator : Login with locator type : link
01/30/2017 03:48:15 PM - LoginPage - INFO : Element found with locator : user_email with locator type : id
01/30/2017 03:48:15 PM - LoginPage - INFO : Sent data on element with locator : user_email with locator type : id
01/30/2017 03:48:15 PM - LoginPage - INFO : Element found with locator : user_password with locator type : id
01/30/2017 03:48:15 PM - LoginPage - INFO : Sent data on element with locator : user_password with locator type : id
01/30/2017 03:48:15 PM - LoginPage - INFO : Element found with locator : commit with locator type : name
01/30/2017 03:48:15 PM - LoginPage - INFO : Clicked on element with locator : commit with locator type : name
01/30/2017 03:48:15 PM - Util - INFO : Actual Text from Application Web UI --> :: Let's Kode It
01/30/2017 03:48:15 PM - Util - INFO : Expected Text from Application Web UI --> :: Google
01/30/2017 03:48:15 PM - LoginPage - ERROR : Failed to get Page Title
01/30/2017 03:48:16 PM - TestStatus - ERROR : ### VERIFICATION FAILED :: Title is Incorrect
01/30/2017 03:48:18 PM - TestStatus - INFO : Screenshot saved to directory : /Users/megharastogi/PycharmProjects/letskodeit/base/../screenshots/Title is Incorrect.1485820096000.png
01/30/2017 03:48:33 PM - LoginPage - INFO : Element not found with locator : .//*[@id='navbar']//span[text()='User Settings'] with locator type : xpath
01/30/2017 03:48:33 PM - LoginPage - INFO : Element not found with locator : .//*[@id='navbar']//span[text()='User Settings'] with locator type : xpath
01/30/2017 03:48:33 PM - TestStatus - ERROR : ### VERIFICATION FAILED :: Login Failed
01/30/2017 03:48:33 PM - TestStatus - INFO : Screenshot saved to directory : /Users/megharastogi/PycharmProjects/letskodeit/base/../screenshots/Login Failed.1485820113000.png
01/30/2017 03:48:33 PM - TestStatus - ERROR : test_validLogin : ### TEST FAILED
01/30/2017 03:48:57 PM - LoginPage - INFO : Element found with locator : Login with locator type : link
01/30/2017 03:48:57 PM - LoginPage - INFO : Clicked on element with locator : Login with locator type : link
01/30/2017 03:48:58 PM - LoginPage - INFO : Element found with locator : user_email with locator type : id
01/30/2017 03:48:59 PM - LoginPage - INFO : Sent data on element with locator : user_email with locator type : id
01/30/2017 03:48:59 PM - LoginPage - INFO : Element found with locator : user_password with locator type : id
01/30/2017 03:48:59 PM - LoginPage - INFO : Sent data on element with locator : user_password with locator type : id
01/30/2017 03:48:59 PM - LoginPage - INFO : Element found with locator : commit with locator type : name
01/30/2017 03:48:59 PM - LoginPage - INFO : Clicked on element with locator : commit with locator type : name
01/30/2017 03:49:01 PM - RegisterCoursePage - INFO : Element found with locator : search-courses with locator type : id
01/30/2017 03:49:01 PM - RegisterCoursePage - INFO : Sent data on element with locator : search-courses with locator type : id
01/30/2017 03:49:02 PM - RegisterCoursePage - INFO : Element found with locator : .//div[@class='course-listing']//div[contains(text(),'JavaScript for beginners')] with locator type : xpath
01/30/2017 03:49:02 PM - RegisterCoursePage - INFO : Clicked on element with locator : .//div[@class='course-listing']//div[contains(text(),'JavaScript for beginners')] with locator type : xpath
01/30/2017 03:49:02 PM - Util - INFO : Actual Text from Application Web UI --> :: Let's Kode It
01/30/2017 03:49:02 PM - Util - INFO : Expected Text from Application Web UI --> :: JavaScript
01/30/2017 03:49:02 PM - RegisterCoursePage - ERROR : Failed to get Page Title
01/30/2017 03:49:02 PM - TestStatus - ERROR : ### VERIFICATION FAILED :: Title incorrect
01/30/2017 03:49:02 PM - TestStatus - INFO : Screenshot saved to directory : /Users/megharastogi/PycharmProjects/letskodeit/base/../screenshots/Title incorrect.1485820142000.png
01/30/2017 03:49:02 PM - TestStatus - ERROR : searchValidCourse : ### TEST FAILED
01/30/2017 03:49:03 PM - RegisterCoursePage - INFO : Element found with locator : enroll-button-top with locator type : id
01/30/2017 03:49:03 PM - RegisterCoursePage - INFO : Clicked on element with locator : enroll-button-top with locator type : id
01/30/2017 03:49:06 PM - RegisterCoursePage - INFO : Element found with locator : cc_field with locator type : id
01/30/2017 03:49:07 PM - RegisterCoursePage - INFO : Sent data on element with locator : cc_field with locator type : id
01/30/2017 03:49:07 PM - RegisterCoursePage - INFO : Element found with locator : cc-exp with locator type : id
01/30/2017 03:49:08 PM - RegisterCoursePage - INFO : Sent data on element with locator : cc-exp with locator type : id
01/30/2017 03:49:08 PM - RegisterCoursePage - INFO : Element found with locator : cc_cvc with locator type : id
01/30/2017 03:49:08 PM - RegisterCoursePage - INFO : Sent data on element with locator : cc_cvc with locator type : id
01/30/2017 03:49:08 PM - RegisterCoursePage - INFO : Element found with locator : country-select-inside with locator type : id
01/30/2017 03:49:08 PM - RegisterCoursePage - INFO : Element found with locator : verify_cc_btn with locator type : id
01/30/2017 03:49:08 PM - RegisterCoursePage - INFO : Clicked on element with locator : verify_cc_btn with locator type : id
01/30/2017 03:49:08 PM - RegisterCoursePage - INFO : Element found with locator : .//div[@id='checkout_form_errors']/div[@class='payment-errors invalid_number'] with locator type : xpath
01/30/2017 03:49:08 PM - RegisterCoursePage - INFO : Element found with locator : .//div[@id='checkout_form_errors']/div[@class='payment-errors invalid_number'] with locator type : xpath
01/30/2017 03:49:08 PM - TestStatus - INFO : ### VERIFICATION SUCCESSFUL :: Payment failed because of invalid CC number
01/30/2017 03:49:08 PM - TestStatus - INFO : invalidCourseEnrollment : ### TEST SUCCESSFUL
01/30/2017 04:00:07 PM - LoginPage - INFO : Element found with locator : Login with locator type : link
01/30/2017 04:00:08 PM - LoginPage - INFO : Clicked on element with locator : Login with locator type : link
01/30/2017 04:00:09 PM - LoginPage - INFO : Element found with locator : user_email with locator type : id
01/30/2017 04:00:10 PM - LoginPage - INFO : Sent data on element with locator : user_email with locator type : id
01/30/2017 04:00:10 PM - LoginPage - INFO : Element found with locator : user_password with locator type : id
01/30/2017 04:00:10 PM - LoginPage - INFO : Sent data on element with locator : user_password with locator type : id
01/30/2017 04:00:10 PM - LoginPage - INFO : Element found with locator : commit with locator type : name
01/30/2017 04:00:10 PM - LoginPage - INFO : Clicked on element with locator : commit with locator type : name
01/30/2017 04:00:12 PM - RegisterCoursePage - INFO : Element found with locator : search-courses with locator type : id
01/30/2017 04:00:13 PM - RegisterCoursePage - INFO : Sent data on element with locator : search-courses with locator type : id
01/30/2017 04:00:13 PM - RegisterCoursePage - INFO : Element found with locator : .//div[@class='course-listing']//div[contains(text(),'JavaScript for beginners')] with locator type : xpath
01/30/2017 04:00:13 PM - RegisterCoursePage - INFO : Clicked on element with locator : .//div[@class='course-listing']//div[contains(text(),'JavaScript for beginners')] with locator type : xpath
01/30/2017 04:00:14 PM - RegisterCoursePage - INFO : Element found with locator : enroll-button-top with locator type : id
01/30/2017 04:00:15 PM - RegisterCoursePage - INFO : Clicked on element with locator : enroll-button-top with locator type : id
01/30/2017 04:00:18 PM - RegisterCoursePage - INFO : Element found with locator : cc_field with locator type : id
01/30/2017 04:00:19 PM - RegisterCoursePage - INFO : Sent data on element with locator : cc_field with locator type : id
01/30/2017 04:00:19 PM - RegisterCoursePage - INFO : Element found with locator : cc-exp with locator type : id
01/30/2017 04:00:19 PM - RegisterCoursePage - INFO : Sent data on element with locator : cc-exp with locator type : id
01/30/2017 04:00:19 PM - RegisterCoursePage - INFO : Element found with locator : cc_cvc with locator type : id
01/30/2017 04:00:19 PM - RegisterCoursePage - INFO : Sent data on element with locator : cc_cvc with locator type : id
01/30/2017 04:00:20 PM - RegisterCoursePage - INFO : Element found with locator : country-select-inside with locator type : id
01/30/2017 04:00:21 PM - RegisterCoursePage - INFO : Element found with locator : verify_cc_btn with locator type : id
01/30/2017 04:00:21 PM - RegisterCoursePage - INFO : Clicked on element with locator : verify_cc_btn with locator type : id
01/30/2017 04:00:22 PM - RegisterCoursePage - INFO : Element found with locator : .//div[@id='checkout_form_errors']/div[@class='payment-errors invalid_number'] with locator type : xpath
01/30/2017 04:00:22 PM - RegisterCoursePage - INFO : Element found with locator : .//div[@id='checkout_form_errors']/div[@class='payment-errors invalid_number'] with locator type : xpath
01/30/2017 04:00:22 PM - TestStatus - INFO : ### VERIFICATION SUCCESSFUL :: Payment failed because of invalid CC number
01/30/2017 04:00:22 PM - TestStatus - INFO : invalidCourseEnrollment : ### TEST SUCCESSFUL
01/30/2017 04:12:01 PM - LoginPage - INFO : Element found with locator : Login with locator type : link
01/30/2017 04:12:01 PM - LoginPage - INFO : Clicked on element with locator : Login with locator type : link
01/30/2017 04:12:03 PM - LoginPage - INFO : Element found with locator : user_email with locator type : id
01/30/2017 04:12:03 PM - LoginPage - INFO : Sent data on element with locator : user_email with locator type : id
01/30/2017 04:12:03 PM - LoginPage - INFO : Element found with locator : user_password with locator type : id
01/30/2017 04:12:03 PM - LoginPage - INFO : Sent data on element with locator : user_password with locator type : id
01/30/2017 04:12:03 PM - LoginPage - INFO : Element found with locator : commit with locator type : name
01/30/2017 04:12:04 PM - LoginPage - INFO : Clicked on element with locator : commit with locator type : name
01/30/2017 04:12:05 PM - RegisterCoursePage - INFO : Element found with locator : search-courses with locator type : id
01/30/2017 04:12:06 PM - RegisterCoursePage - INFO : Sent data on element with locator : search-courses with locator type : id
01/30/2017 04:12:06 PM - RegisterCoursePage - INFO : Element found with locator : .//div[@class='course-listing']//div[contains(text(),'JavaScript for beginners')] with locator type : xpath
01/30/2017 04:12:06 PM - RegisterCoursePage - INFO : Clicked on element with locator : .//div[@class='course-listing']//div[contains(text(),'JavaScript for beginners')] with locator type : xpath
01/30/2017 04:12:07 PM - RegisterCoursePage - INFO : Element found with locator : enroll-button-top with locator type : id
01/30/2017 04:12:07 PM - RegisterCoursePage - INFO : Clicked on element with locator : enroll-button-top with locator type : id
01/30/2017 04:12:10 PM - RegisterCoursePage - INFO : Element found with locator : cc_field with locator type : id
01/30/2017 04:12:10 PM - RegisterCoursePage - INFO : Sent data on element with locator : cc_field with locator type : id
01/30/2017 04:12:11 PM - RegisterCoursePage - INFO : Element found with locator : cc-exp with locator type : id
01/30/2017 04:12:11 PM - RegisterCoursePage - INFO : Sent data on element with locator : cc-exp with locator type : id
01/30/2017 04:12:11 PM - RegisterCoursePage - INFO : Element found with locator : cc_cvc with locator type : id
01/30/2017 04:12:11 PM - RegisterCoursePage - INFO : Sent data on element with locator : cc_cvc with locator type : id
01/30/2017 04:12:11 PM - RegisterCoursePage - INFO : Element found with locator : country-select-inside with locator type : id
01/30/2017 04:12:11 PM - RegisterCoursePage - INFO : Element found with locator : verify_cc_btn with locator type : id
01/30/2017 04:12:11 PM - RegisterCoursePage - INFO : Clicked on element with locator : verify_cc_btn with locator type : id
01/30/2017 04:12:11 PM - RegisterCoursePage - INFO : Element found with locator : .//div[@id='checkout_form_errors']/div[@class='payment-errors invalid_number'] with locator type : xpath
01/30/2017 04:12:11 PM - RegisterCoursePage - INFO : Element found with locator : .//div[@id='checkout_form_errors']/div[@class='payment-errors invalid_number'] with locator type : xpath
01/30/2017 04:12:11 PM - TestStatus - INFO : ### VERIFICATION SUCCESSFUL :: Payment failed because of invalid CC number
01/30/2017 04:12:11 PM - TestStatus - INFO : invalidCourseEnrollment : ### TEST SUCCESSFUL
01/30/2017 04:13:40 PM - LoginPage - INFO : Element found with locator : Login with locator type : link
01/30/2017 04:13:40 PM - LoginPage - INFO : Clicked on element with locator : Login with locator type : link
01/30/2017 04:13:41 PM - LoginPage - INFO : Element found with locator : user_email with locator type : id
01/30/2017 04:13:41 PM - LoginPage - INFO : Sent data on element with locator : user_email with locator type : id
01/30/2017 04:13:42 PM - LoginPage - INFO : Element found with locator : user_password with locator type : id
01/30/2017 04:13:42 PM - LoginPage - INFO : Sent data on element with locator : user_password with locator type : id
01/30/2017 04:13:42 PM - LoginPage - INFO : Element found with locator : commit with locator type : name
01/30/2017 04:13:42 PM - LoginPage - INFO : Clicked on element with locator : commit with locator type : name
01/30/2017 04:13:43 PM - RegisterCoursePage - INFO : Element found with locator : search-courses with locator type : id
01/30/2017 04:13:44 PM - RegisterCoursePage - INFO : Sent data on element with locator : search-courses with locator type : id
01/30/2017 04:13:44 PM - RegisterCoursePage - INFO : Element found with locator : .//div[@class='course-listing']//div[contains(text(),'JavaScript for beginners')] with locator type : xpath
01/30/2017 04:13:44 PM - RegisterCoursePage - INFO : Clicked on element with locator : .//div[@class='course-listing']//div[contains(text(),'JavaScript for beginners')] with locator type : xpath
01/30/2017 04:13:44 PM - Util - INFO : Wait :: '3' seconds for Waiting for page
01/30/2017 04:13:47 PM - Util - INFO : Actual Text from Application Web UI --> :: JavaScript for beginners | Let's Kode It
01/30/2017 04:13:47 PM - Util - INFO : Expected Text from Application Web UI --> :: google
01/30/2017 04:13:47 PM - RegisterCoursePage - ERROR : Failed to get Page Title
01/30/2017 04:13:47 PM - TestStatus - ERROR : ### VERIFICATION FAILED :: Title incorrect
01/30/2017 04:13:51 PM - TestStatus - INFO : Screenshot saved to directory : /Users/megharastogi/PycharmProjects/letskodeit/base/../screenshots/Title incorrect.1485821627000.png
01/30/2017 04:13:51 PM - TestStatus - ERROR : searchValidCourse : ### TEST FAILED
01/30/2017 04:13:51 PM - RegisterCoursePage - INFO : Element found with locator : enroll-button-top with locator type : id
01/30/2017 04:13:51 PM - RegisterCoursePage - INFO : Clicked on element with locator : enroll-button-top with locator type : id
01/30/2017 04:13:54 PM - RegisterCoursePage - INFO : Element found with locator : cc_field with locator type : id
01/30/2017 04:13:54 PM - RegisterCoursePage - INFO : Sent data on element with locator : cc_field with locator type : id
01/30/2017 04:13:54 PM - RegisterCoursePage - INFO : Element found with locator : cc-exp with locator type : id
01/30/2017 04:13:55 PM - RegisterCoursePage - INFO : Sent data on element with locator : cc-exp with locator type : id
01/30/2017 04:13:55 PM - RegisterCoursePage - INFO : Element found with locator : cc_cvc with locator type : id
01/30/2017 04:13:55 PM - RegisterCoursePage - INFO : Sent data on element with locator : cc_cvc with locator type : id
01/30/2017 04:13:55 PM - RegisterCoursePage - INFO : Element found with locator : country-select-inside with locator type : id
01/30/2017 04:13:55 PM - RegisterCoursePage - INFO : Element found with locator : verify_cc_btn with locator type : id
01/30/2017 04:13:55 PM - RegisterCoursePage - INFO : Clicked on element with locator : verify_cc_btn with locator type : id
01/30/2017 04:13:55 PM - RegisterCoursePage - INFO : Element found with locator : .//div[@id='checkout_form_errors']/div[@class='payment-errors invalid_number'] with locator type : xpath
01/30/2017 04:13:55 PM - RegisterCoursePage - INFO : Element found with locator : .//div[@id='checkout_form_errors']/div[@class='payment-errors invalid_number'] with locator type : xpath
01/30/2017 04:13:55 PM - TestStatus - INFO : ### VERIFICATION SUCCESSFUL :: Payment failed because of invalid CC number
01/30/2017 04:13:55 PM - TestStatus - INFO : invalidCourseEnrollment : ### TEST SUCCESSFUL
01/30/2017 05:29:20 PM - LoginPage - INFO : Element found with locator : Login with locator type : link
01/30/2017 05:29:20 PM - LoginPage - INFO : Clicked on element with locator : Login with locator type : link
01/30/2017 05:29:21 PM - LoginPage - INFO : Element found with locator : user_email with locator type : id
01/30/2017 05:29:22 PM - LoginPage - INFO : Sent data on element with locator : user_email with locator type : id
01/30/2017 05:29:22 PM - LoginPage - INFO : Element found with locator : user_password with locator type : id
01/30/2017 05:29:22 PM - LoginPage - INFO : Sent data on element with locator : user_password with locator type : id
01/30/2017 05:29:22 PM - LoginPage - INFO : Element found with locator : commit with locator type : name
01/30/2017 05:29:22 PM - LoginPage - INFO : Clicked on element with locator : commit with locator type : name
01/30/2017 05:29:24 PM - RegisterCoursePage - INFO : Element found with locator : search-courses with locator type : id
01/30/2017 05:29:25 PM - RegisterCoursePage - INFO : Sent data on element with locator : search-courses with locator type : id
01/30/2017 05:29:25 PM - RegisterCoursePage - INFO : Element found with locator : .//div[@class='course-listing']//div[contains(text(),'JavaScript for beginners')] with locator type : xpath
01/30/2017 05:29:25 PM - RegisterCoursePage - INFO : Clicked on element with locator : .//div[@class='course-listing']//div[contains(text(),'JavaScript for beginners')] with locator type : xpath
01/30/2017 05:29:25 PM - Util - INFO : Wait :: '3' seconds for Waiting for page
01/30/2017 05:29:28 PM - Util - INFO : Actual Text from Application Web UI --> :: JavaScript for beginners | Let's Kode It
01/30/2017 05:29:28 PM - Util - INFO : Expected Text from Application Web UI --> :: Javascript
01/30/2017 05:29:28 PM - Util - INFO : ### VERIFICATION CONTAINS !!
01/30/2017 05:29:28 PM - TestStatus - INFO : ### VERIFICATION SUCCESSFUL :: Title incorrect
01/30/2017 05:29:28 PM - TestStatus - INFO : searchValidCourse : ### TEST SUCCESSFUL
01/30/2017 05:29:28 PM - RegisterCoursePage - INFO : Element found with locator : enroll-button-top with locator type : id
01/30/2017 05:29:28 PM - RegisterCoursePage - INFO : Clicked on element with locator : enroll-button-top with locator type : id
01/30/2017 05:29:31 PM - RegisterCoursePage - INFO : Element found with locator : cc_field with locator type : id
01/30/2017 05:29:31 PM - RegisterCoursePage - INFO : Sent data on element with locator : cc_field with locator type : id
01/30/2017 05:29:31 PM - RegisterCoursePage - INFO : Element found with locator : cc-exp with locator type : id
01/30/2017 05:29:32 PM - RegisterCoursePage - INFO : Sent data on element with locator : cc-exp with locator type : id
01/30/2017 05:29:32 PM - RegisterCoursePage - INFO : Element found with locator : cc_cvc with locator type : id
01/30/2017 05:29:32 PM - RegisterCoursePage - INFO : Sent data on element with locator : cc_cvc with locator type : id
01/30/2017 05:29:32 PM - RegisterCoursePage - INFO : Element found with locator : country-select-inside with locator type : id
01/30/2017 05:29:32 PM - RegisterCoursePage - INFO : Element found with locator : verify_cc_btn with locator type : id
01/30/2017 05:29:32 PM - RegisterCoursePage - INFO : Clicked on element with locator : verify_cc_btn with locator type : id
01/30/2017 05:29:32 PM - RegisterCoursePage - INFO : Element found with locator : .//div[@id='checkout_form_errors']/div[@class='payment-errors invalid_number'] with locator type : xpath
01/30/2017 05:29:32 PM - RegisterCoursePage - INFO : Element found with locator : .//div[@id='checkout_form_errors']/div[@class='payment-errors invalid_number'] with locator type : xpath
01/30/2017 05:29:32 PM - TestStatus - INFO : ### VERIFICATION SUCCESSFUL :: Payment failed because of invalid CC number
01/30/2017 05:29:32 PM - TestStatus - INFO : invalidCourseEnrollment : ### TEST SUCCESSFUL
